[21:46:04] [main/INFO] (FabricLoader/GameProvider) Loading Minecraft 1.19.2 with Fabric Loader 0.14.9
[21:46:04] [main/INFO] (FabricLoader) Loading 49 mods:
	- beyondsculk 1.0.0
	- fabric-api 0.60.0+1.19.2
	- fabric-api-base 0.4.11+e62f51a390
	- fabric-api-lookup-api-v1 1.6.9+9ff28f4090
	- fabric-biome-api-v1 9.0.17+aeb40ebe90
	- fabric-blockrenderlayer-v1 1.1.20+aeb40ebe90
	- fabric-client-tags-api-v1 1.0.1+b35fea8390
	- fabric-command-api-v2 2.1.7+0c17ea9690
	- fabric-content-registries-v0 3.2.3+aeb40ebe90
	- fabric-convention-tags-v1 1.1.1+7cd20a1490
	- fabric-crash-report-info-v1 0.2.5+aeb40ebe90
	- fabric-data-generation-api-v1 5.1.8+a680b9b490
	- fabric-dimensions-v1 2.1.30+aeb40ebe90
	- fabric-entity-events-v1 1.4.18+9ff28f4090
	- fabric-events-interaction-v0 0.4.28+aeb40ebe90
	- fabric-game-rule-api-v1 1.0.21+aeb40ebe90
	- fabric-gametest-api-v1 1.0.35+e62f51a390
	- fabric-item-api-v1 1.5.7+35a03c4390
	- fabric-item-groups-v0 0.3.28+aeb40ebe90
	- fabric-key-binding-api-v1 1.0.20+aeb40ebe90
	- fabric-lifecycle-events-v1 2.1.2+aeb40ebe90
	- fabric-loot-api-v2 1.1.3+83a8659290
	- fabric-message-api-v1 5.0.3+176380a290
	- fabric-mining-level-api-v1 2.1.14+33fbc73890
	- fabric-models-v0 0.3.17+aeb40ebe90
	- fabric-networking-api-v1 1.2.4+5eb68ef290
	- fabric-object-builder-api-v1 4.0.11+aeb40ebe90
	- fabric-particles-v1 1.0.10+aeb40ebe90
	- fabric-registry-sync-v0 0.9.24+aeb40ebe90
	- fabric-renderer-api-v1 1.0.10+aeb40ebe90
	- fabric-renderer-indigo 0.6.12+aeb40ebe90
	- fabric-rendering-data-attachment-v1 0.3.14+aeb40ebe90
	- fabric-rendering-fluids-v1 3.0.7+aeb40ebe90
	- fabric-rendering-v1 1.10.16+aeb40ebe90
	- fabric-resource-conditions-api-v1 2.0.11+e62f51a390
	- fabric-resource-loader-v0 0.6.1+aeb40ebe90
	- fabric-screen-api-v1 1.0.26+f05effaf90
	- fabric-screen-handler-api-v1 1.2.13+9ff28f4090
	- fabric-textures-v0 1.0.20+aeb40ebe90
	- fabric-transfer-api-v1 2.0.11+83a8659290
	- fabric-transitive-access-wideners-v1 1.3.0+42d99c3290
	- fabricloader 0.14.9
	- iris 1.2.6
	- java 17
	- minecraft 1.19.2
	- org_anarres_jcpp 1.4.14 via iris
	- org_joml_joml 1.10.4 via sodium
	- replaymod 1.19.1-2.6.8
	- sodium 0.4.2+replaymod.rev.bfbc6de
[21:46:13] [main/INFO] (FabricLoader/Mixin) SpongePowered MIXIN Subsystem Version=0.8.5 Source=file:/C:/Users/jstut/.gradle/caches/modules-2/files-2.1/net.fabricmc/sponge-mixin/0.11.4+mixin.0.8.5/c1dc27696aa4006e492c2485c9ccbcb26045a971/sponge-mixin-0.11.4+mixin.0.8.5.jar Service=Knot/Fabric Env=CLIENT
[21:46:13] [main/INFO] (FabricLoader/Mixin) Loaded Fabric development mappings for mixin remapper!
[21:46:13] [main/INFO] (FabricLoader/Mixin) Compatibility level set to JAVA_16
[21:46:13] [main/INFO] (FabricLoader/Mixin) Compatibility level set to JAVA_17
[21:46:14] [main/INFO] (Sodium) Loaded configuration file for Sodium: 29 options available, 1 override(s) found
[21:46:14] [main/WARN] (FabricLoader/Mixin) Reference map 'mixins.nonmmlauncher.replaymod.refmap.json' for mixins.nonmmlauncher.replaymod.json could not be read. If this is a development environment you can ignore this message
[21:46:14] [main/WARN] (Sodium) Force-disabling mixin 'features.sky.MixinWorldRenderer' as rule 'mixin.features.sky' (added by mods [iris]) disables it and children
[21:46:15] [main/WARN] (FabricLoader/Mixin) Error loading class: net/optifine/render/ChunkVisibility (java.lang.ClassNotFoundException: net/optifine/render/ChunkVisibility)
[21:46:15] [main/WARN] (FabricLoader/Mixin) Error loading class: shadersmod/client/ShadersRender (java.lang.ClassNotFoundException: shadersmod/client/ShadersRender)
[21:46:15] [main/WARN] (FabricLoader/Mixin) Error loading class: net/optifine/shaders/ShadersRender (java.lang.ClassNotFoundException: net/optifine/shaders/ShadersRender)
[21:46:16] [main/WARN] (FileUtil) Configuration conflict: there is more than one oshi.properties file on the classpath
[21:46:16] [main/WARN] (FileUtil) Configuration conflict: there is more than one oshi.architecture.properties file on the classpath
[21:46:21] [main/INFO] (Minecraft) Building optimized datafixer
[21:46:26] [Render thread/WARN] (FabricLoader/Mixin) Method overwrite conflict for quad in sodium.mixins.json:features.buffer_builder.intrinsics.MixinBufferBuilder from mod sodium, previously written by net.coderbot.iris.mixin.vertices.block_rendering.MixinBufferBuilder_SeparateAo. Skipping method.
[21:46:27] [Render thread/INFO] (Minecraft) Environment: authHost='https://authserver.mojang.com', accountsHost='https://api.mojang.com', sessionHost='https://sessionserver.mojang.com', servicesHost='https://api.minecraftservices.com', name='PROD'
[21:46:27] [Render thread/INFO] (fabric-screen-api-v1) [Iris] Suppressing Yggdrasil authentication check because this is a development environment
[21:46:27] [Render thread/INFO] (fabric-screen-api-v1) Setting user: Player305
[21:46:27] [Render thread/INFO] (Indigo) [Indigo] Different rendering plugin detected; not applying Indigo.
[21:46:28] [Render thread/WARN] (FabricLoader/Mixin) Static binding violation: PRIVATE @Overwrite method renderBakedItemModel in sodium.mixins.json:features.item.MixinItemRenderer from mod sodium cannot reduce visibiliy of PUBLIC target method, visibility will be upgraded.
[21:46:29] [Render thread/INFO] (fabric-screen-api-v1) Backend library: LWJGL version 3.3.1 SNAPSHOT
[21:46:31] [ForkJoinPool.commonPool-worker-1/WARN] (Iris) [Iris Update Check] This version doesn't have an update index, skipping.
[21:46:33] [Render thread/INFO] (Iris) Debug functionality is disabled.
[21:46:34] [Render thread/INFO] (Iris) Profile: Fast (+0 options changed by user)
[21:46:34] [Render thread/INFO] (Iris) Using shaderpack: Enhanced Default v1.12.zip
[21:46:36] [Render thread/INFO] (Iris) Hardware information:
[21:46:36] [Render thread/INFO] (Iris) CPU: 12x AMD Ryzen 5 1600X Six-Core Processor 
[21:46:36] [Render thread/INFO] (Iris) GPU: NVIDIA GeForce GTX 1060 6GB/PCIe/SSE2 (Supports OpenGL 3.2.0 NVIDIA 516.59)
[21:46:36] [Render thread/INFO] (Iris) OS: Windows 10 (10.0)
[21:46:38] [Worker-Main-12/ERROR] (Minecraft) Failed to retrieve profile key pair
java.io.IOException: Could not retrieve profile key pair
	at net.minecraft.client.util.ProfileKeys.fetchKeyPair(ProfileKeys.java:130) ~[minecraft-project-@-merged-named.jar:?]
	at net.minecraft.client.util.ProfileKeys.method_44291(ProfileKeys.java:69) ~[minecraft-project-@-merged-named.jar:?]
	at java.util.concurrent.CompletableFuture$AsyncSupply.run(CompletableFuture.java:1768) [?:?]
	at java.util.concurrent.CompletableFuture$AsyncSupply.exec(CompletableFuture.java:1760) [?:?]
	at java.util.concurrent.ForkJoinTask.doExec(ForkJoinTask.java:373) [?:?]
	at java.util.concurrent.ForkJoinPool$WorkQueue.topLevelExec(ForkJoinPool.java:1182) [?:?]
	at java.util.concurrent.ForkJoinPool.scan(ForkJoinPool.java:1655) [?:?]
	at java.util.concurrent.ForkJoinPool.runWorker(ForkJoinPool.java:1622) [?:?]
	at java.util.concurrent.ForkJoinWorkerThread.run(ForkJoinWorkerThread.java:165) [?:?]
[21:46:38] [Render thread/INFO] (Minecraft) Narrator library for x64 successfully loaded
[21:46:38] [Render thread/INFO] (Minecraft) Reloading ResourceManager: Default, Fabric Mods (Fabric Item API (v1), Fabric API Lookup API (v1), Fabric Resource Loader (v0), Fabric Dimensions API (v1), Iris, Fabric Message API (v1), Fabric Transfer API (v1), Fabric API Base, Fabric Rendering (v1), Fabric Biome API (v1), Fabric Registry Sync (v0), Fabric Key Binding API (v1), Fabric Particles (v1), Fabric Game Rule API (v1), Fabric Lifecycle Events (v1), Fabric Item Groups (v0), Fabric Screen Handler API (v1), Fabric Renderer - Indigo, Fabric Game Test API (v1), Fabric Client Tags, Fabric BlockRenderLayer Registration (v1), Beyond Sculk, Fabric Renderer API (v1), Fabric Crash Report Info (v1), Fabric Object Builder API (v1), Fabric Entity Events (v1), Fabric Transitive Access Wideners (v1), Sodium, Fabric Resource Conditions API (v1), Fabric Command API (v2), Fabric Screen API (v1), Fabric Rendering Fluids (v1), Fabric Mining Level API (v1), Fabric Events Interaction (v0), Replay Mod, Fabric Textures (v0), Fabric Content Registries (v0), Fabric Data Generation API (v1), Fabric Convention Tags, Fabric API, Fabric Loader, Fabric Loot API (v2), Fabric Models (v0), Fabric Networking API (v1), Fabric Rendering Data Attachment (v1)), replaymod_lang
[21:46:38] [Render thread/INFO] (beyondsculk) beyondsculk: Mixin Init Called
[21:46:38] [Render thread/INFO] (Iris) Creating pipeline for dimension OVERWORLD
[21:46:39] [Realms Notification Availability checker #1/INFO] (Minecraft) Could not authorize you against Realms server: Invalid session id
[21:46:44] [Render thread/WARN] (Minecraft) Missing sound for event: minecraft:item.goat_horn.play
[21:46:44] [Render thread/WARN] (Minecraft) Missing sound for event: minecraft:entity.goat.screaming.horn_break
[21:46:45] [Render thread/INFO] (Minecraft) OpenAL initialized on device OpenAL Soft on CABLE Input (VB-Audio Virtual Cable)
[21:46:45] [Render thread/INFO] (Minecraft) Sound engine started
[21:46:45] [Render thread/INFO] (Minecraft) Created: 1024x512x4 minecraft:textures/atlas/blocks.png-atlas
[21:46:45] [Render thread/INFO] (Minecraft) Created: 256x128x4 minecraft:textures/atlas/signs.png-atlas
[21:46:45] [Render thread/INFO] (Minecraft) Created: 512x512x4 minecraft:textures/atlas/banner_patterns.png-atlas
[21:46:45] [Render thread/INFO] (Minecraft) Created: 512x512x4 minecraft:textures/atlas/shield_patterns.png-atlas
[21:46:45] [Render thread/INFO] (Minecraft) Created: 256x256x4 minecraft:textures/atlas/chest.png-atlas
[21:46:45] [Render thread/INFO] (Minecraft) Created: 512x256x4 minecraft:textures/atlas/beds.png-atlas
[21:46:45] [Render thread/INFO] (Minecraft) Created: 512x256x4 minecraft:textures/atlas/shulker_boxes.png-atlas
[21:46:47] [Render thread/WARN] (Minecraft) Shader rendertype_entity_translucent_emissive could not find sampler named Sampler2 in the specified shader program.
[21:46:47] [Render thread/INFO] (Minecraft) Created: 256x256x0 minecraft:textures/atlas/particles.png-atlas
[21:46:47] [Render thread/INFO] (Minecraft) Created: 256x256x0 minecraft:textures/atlas/paintings.png-atlas
[21:46:47] [Render thread/INFO] (Minecraft) Created: 128x128x0 minecraft:textures/atlas/mob_effects.png-atlas
[21:46:47] [Render thread/INFO] (beyondsculk) beyondsculk: Mixin Init Called
[21:47:05] [Render thread/INFO] (beyondsculk) beyondsculk: Mixin Init Called
[21:47:06] [Worker-Bootstrap-1/INFO] (Minecraft) 4283 Datafixer optimizations took 45255 milliseconds
[21:47:09] [Render thread/INFO] (Minecraft) Loaded 7 recipes
[21:47:09] [Render thread/INFO] (Minecraft) Loaded 1179 advancements
[21:47:13] [Render thread/INFO] (Minecraft) Loaded 7 recipes
[21:47:13] [Render thread/INFO] (Minecraft) Loaded 1179 advancements
[21:47:14] [Worker-Main-15/ERROR] (Minecraft) Failed to retrieve profile key pair
java.io.IOException: Could not retrieve profile key pair
	at net.minecraft.client.util.ProfileKeys.fetchKeyPair(ProfileKeys.java:130) ~[minecraft-project-@-merged-named.jar:?]
	at net.minecraft.client.util.ProfileKeys.method_44291(ProfileKeys.java:69) ~[minecraft-project-@-merged-named.jar:?]
	at java.util.concurrent.CompletableFuture$AsyncSupply.run(CompletableFuture.java:1768) [?:?]
	at java.util.concurrent.CompletableFuture$AsyncSupply.exec(CompletableFuture.java:1760) [?:?]
	at java.util.concurrent.ForkJoinTask.doExec(ForkJoinTask.java:373) [?:?]
	at java.util.concurrent.ForkJoinPool$WorkQueue.topLevelExec(ForkJoinPool.java:1182) [?:?]
	at java.util.concurrent.ForkJoinPool.scan(ForkJoinPool.java:1655) [?:?]
	at java.util.concurrent.ForkJoinPool.runWorker(ForkJoinPool.java:1622) [?:?]
	at java.util.concurrent.ForkJoinWorkerThread.run(ForkJoinWorkerThread.java:165) [?:?]
[21:47:14] [Render thread/INFO] (BiomeModificationImpl) Applied 0 biome modifications to 0 of 63 new biomes in 3.070 ms
[21:47:14] [Server thread/INFO] (Minecraft) Starting integrated minecraft server version 1.19.2
[21:47:14] [Server thread/INFO] (Minecraft) Generating keypair
[21:47:15] [Server thread/INFO] (Minecraft) Preparing start region for dimension minecraft:overworld
[21:47:18] [Render thread/INFO] (Minecraft) Preparing spawn area: 0%
[21:47:18] [Render thread/INFO] (Minecraft) Preparing spawn area: 0%
[21:47:18] [Render thread/INFO] (Minecraft) Preparing spawn area: 0%
[21:47:18] [Render thread/INFO] (Minecraft) Preparing spawn area: 0%
[21:47:18] [Render thread/INFO] (Minecraft) Preparing spawn area: 0%
[21:47:18] [Render thread/INFO] (Minecraft) Preparing spawn area: 0%
[21:47:18] [Render thread/INFO] (Minecraft) Preparing spawn area: 0%
[21:47:18] [Render thread/INFO] (Minecraft) Preparing spawn area: 0%
[21:47:19] [Render thread/INFO] (Minecraft) Preparing spawn area: 0%
[21:47:19] [Render thread/INFO] (Minecraft) Preparing spawn area: 26%
[21:47:20] [Render thread/INFO] (Minecraft) Preparing spawn area: 82%
[21:47:20] [Render thread/INFO] (Minecraft) Time elapsed: 5121 ms
[21:47:20] [Server thread/INFO] (Minecraft) Changing view distance to 12, from 10
[21:47:20] [Server thread/INFO] (Minecraft) Changing simulation distance to 12, from 0
[21:47:23] [Server thread/INFO] (Minecraft) Player305[local:E:fd4f4db6] logged in with entity id 142 at (67.65661042042836, 64.0, -7.977686849742107)
[21:47:23] [Server thread/INFO] (Minecraft) Player305 joined the game
[21:47:24] [Render thread/WARN] (FabricLoader/Mixin) Mixin apply for mod (unknown) failed mixins.compat.shaders.replaymod.json:MixinShaderRenderChunk from mod (unknown) -> net.minecraft.client.render.chunk.ChunkBuilder$BuiltChunk: org.spongepowered.asm.mixin.transformer.throwables.InvalidMixinException @Shadow field rebuildFrame was not located in the target class net.minecraft.client.render.chunk.ChunkBuilder$BuiltChunk. Using refmap mixins.replaymod.refmap.json
org.spongepowered.asm.mixin.transformer.throwables.InvalidMixinException: @Shadow field rebuildFrame was not located in the target class net.minecraft.client.render.chunk.ChunkBuilder$BuiltChunk. Using refmap mixins.replaymod.refmap.json
	at org.spongepowered.asm.mixin.transformer.MixinPreProcessorStandard.attachFields(MixinPreProcessorStandard.java:624) ~[sponge-mixin-0.11.4+mixin.0.8.5.jar:0.11.4+mixin.0.8.5]
	at org.spongepowered.asm.mixin.transformer.MixinPreProcessorStandard.attach(MixinPreProcessorStandard.java:302) ~[sponge-mixin-0.11.4+mixin.0.8.5.jar:0.11.4+mixin.0.8.5]
	at org.spongepowered.asm.mixin.transformer.MixinPreProcessorStandard.createContextFor(MixinPreProcessorStandard.java:277) ~[sponge-mixin-0.11.4+mixin.0.8.5.jar:0.11.4+mixin.0.8.5]
	at org.spongepowered.asm.mixin.transformer.MixinInfo.createContextFor(MixinInfo.java:1289) ~[sponge-mixin-0.11.4+mixin.0.8.5.jar:0.11.4+mixin.0.8.5]
	at org.spongepowered.asm.mixin.transformer.MixinApplicatorStandard.apply(MixinApplicatorStandard.java:292) ~[sponge-mixin-0.11.4+mixin.0.8.5.jar:0.11.4+mixin.0.8.5]
	at org.spongepowered.asm.mixin.transformer.TargetClassContext.apply(TargetClassContext.java:421) ~[sponge-mixin-0.11.4+mixin.0.8.5.jar:0.11.4+mixin.0.8.5]
	at org.spongepowered.asm.mixin.transformer.TargetClassContext.applyMixins(TargetClassContext.java:403) ~[sponge-mixin-0.11.4+mixin.0.8.5.jar:0.11.4+mixin.0.8.5]
	at org.spongepowered.asm.mixin.transformer.MixinProcessor.applyMixins(MixinProcessor.java:363) ~[sponge-mixin-0.11.4+mixin.0.8.5.jar:0.11.4+mixin.0.8.5]
	at org.spongepowered.asm.mixin.transformer.MixinTransformer.transformClass(MixinTransformer.java:234) ~[sponge-mixin-0.11.4+mixin.0.8.5.jar:0.11.4+mixin.0.8.5]
	at org.spongepowered.asm.mixin.transformer.MixinTransformer.transformClassBytes(MixinTransformer.java:202) ~[sponge-mixin-0.11.4+mixin.0.8.5.jar:0.11.4+mixin.0.8.5]
	at net.fabricmc.loader.impl.launch.knot.KnotClassDelegate.getPostMixinClassByteArray(KnotClassDelegate.java:414) ~[fabric-loader-0.14.9.jar:?]
	at net.fabricmc.loader.impl.launch.knot.KnotClassDelegate.tryLoadClass(KnotClassDelegate.java:323) ~[fabric-loader-0.14.9.jar:?]
	at net.fabricmc.loader.impl.launch.knot.KnotClassDelegate.loadClass(KnotClassDelegate.java:218) ~[fabric-loader-0.14.9.jar:?]
	at net.fabricmc.loader.impl.launch.knot.KnotClassLoader.loadClass(KnotClassLoader.java:145) ~[fabric-loader-0.14.9.jar:?]
	at java.lang.ClassLoader.loadClass(ClassLoader.java:520) ~[?:?]
	at net.minecraft.client.render.BuiltChunkStorage.createChunks(BuiltChunkStorage.java:32) ~[minecraft-project-@-merged-named.jar:?]
	at net.minecraft.client.render.BuiltChunkStorage.<init>(BuiltChunkStorage.java:24) ~[minecraft-project-@-merged-named.jar:?]
	at net.minecraft.client.render.WorldRenderer.reload(WorldRenderer.java:803) ~[minecraft-project-@-merged-named.jar:?]
	at net.minecraft.client.render.WorldRenderer.setWorld(WorldRenderer.java:747) ~[minecraft-project-@-merged-named.jar:?]
	at net.minecraft.client.MinecraftClient.setWorld(MinecraftClient.java:2174) ~[minecraft-project-@-merged-named.jar:?]
	at net.minecraft.client.MinecraftClient.joinWorld(MinecraftClient.java:2097) ~[minecraft-project-@-merged-named.jar:?]
	at net.minecraft.client.network.ClientPlayNetworkHandler.onGameJoin(ClientPlayNetworkHandler.java:386) ~[minecraft-project-@-merged-named.jar:?]
	at net.minecraft.network.packet.s2c.play.GameJoinS2CPacket.apply(GameJoinS2CPacket.java:86) ~[minecraft-project-@-merged-named.jar:?]
	at net.minecraft.network.packet.s2c.play.GameJoinS2CPacket.apply(GameJoinS2CPacket.java:20) ~[minecraft-project-@-merged-named.jar:?]
	at net.minecraft.network.NetworkThreadUtils.method_11072(NetworkThreadUtils.java:22) ~[minecraft-project-@-merged-named.jar:?]
	at net.minecraft.util.thread.ThreadExecutor.executeTask(ThreadExecutor.java:157) [minecraft-project-@-merged-named.jar:?]
	at net.minecraft.util.thread.ReentrantThreadExecutor.executeTask(ReentrantThreadExecutor.java:23) [minecraft-project-@-merged-named.jar:?]
	at net.minecraft.util.thread.ThreadExecutor.runTask(ThreadExecutor.java:131) [minecraft-project-@-merged-named.jar:?]
	at net.minecraft.util.thread.ThreadExecutor.runTasks(ThreadExecutor.java:116) [minecraft-project-@-merged-named.jar:?]
	at net.minecraft.client.MinecraftClient.render(MinecraftClient.java:1129) [minecraft-project-@-merged-named.jar:?]
	at net.minecraft.client.MinecraftClient.run(MinecraftClient.java:768) [minecraft-project-@-merged-named.jar:?]
	at net.minecraft.client.main.Main.main(Main.java:244) [minecraft-project-@-merged-named.jar:?]
	at net.minecraft.client.main.Main.main(Main.java:51) [minecraft-project-@-merged-named.jar:?]
	at net.fabricmc.loader.impl.game.minecraft.MinecraftGameProvider.launch(MinecraftGameProvider.java:461) [fabric-loader-0.14.9.jar:?]
	at net.fabricmc.loader.impl.launch.knot.Knot.launch(Knot.java:74) [fabric-loader-0.14.9.jar:?]
	at net.fabricmc.loader.impl.launch.knot.KnotClient.main(KnotClient.java:23) [fabric-loader-0.14.9.jar:?]
	at net.fabricmc.devlaunchinjector.Main.main(Main.java:86) [dev-launch-injector-0.2.1+build.8.jar:?]
[21:47:24] [Render thread/WARN] (FabricLoader/Mixin) Error loading class: net/minecraft/world/level/material/FluidState (java.lang.ClassNotFoundException: net/minecraft/world/level/material/FluidState)
[21:47:24] [Render thread/WARN] (FabricLoader/Mixin) @Redirect conflict. Skipping mixins.iris.compat.sodium.json:vertex_format.MixinFluidRenderer from mod iris->@Redirect::iris$fixSidewaysInnerFaceNormal(Lme/jellysquid/mods/sodium/client/model/IndexBufferBuilder;ILme/jellysquid/mods/sodium/client/model/quad/properties/ModelQuadWinding;Lnet/minecraft/world/BlockRenderView;Lnet/minecraft/fluid/FluidState;Lnet/minecraft/util/math/BlockPos;Lnet/minecraft/util/math/BlockPos;Lme/jellysquid/mods/sodium/client/render/chunk/compile/buffers/ChunkModelBuilder;)V with priority 1000, already redirected by mixins.iris.compat.sodium.json:vertex_format.MixinFluidRenderer from mod iris->@Redirect::iris$fixBackwardUpFaceNormal(Lme/jellysquid/mods/sodium/client/model/IndexBufferBuilder;ILme/jellysquid/mods/sodium/client/model/quad/properties/ModelQuadWinding;Lnet/minecraft/world/BlockRenderView;Lnet/minecraft/fluid/FluidState;Lnet/minecraft/util/math/BlockPos;Lnet/minecraft/util/math/BlockPos;Lme/jellysquid/mods/sodium/client/render/chunk/compile/buffers/ChunkModelBuilder;)V with priority 1000
[21:47:24] [Render thread/INFO] (ChunkBuilder) Started 6 worker threads
[21:47:24] [Render thread/INFO] (Minecraft) Loaded 0 advancements
[21:47:28] [Server thread/INFO] (Minecraft) Saving and pausing game...
[21:47:28] [Server thread/INFO] (Minecraft) Saving chunks for level 'ServerLevel[New World]'/minecraft:overworld
[21:47:28] [Server thread/INFO] (Minecraft) Saving chunks for level 'ServerLevel[New World]'/minecraft:the_nether
[21:47:28] [Server thread/INFO] (Minecraft) Saving chunks for level 'ServerLevel[New World]'/minecraft:the_end
[21:47:28] [Server thread/INFO] (Minecraft) Saving chunks for level 'ServerLevel[New World]'/beyondsculk:otherworld
[21:49:58] [Server thread/WARN] (Minecraft) Can't keep up! Is the server overloaded? Running 141080ms or 2821 ticks behind
[21:50:12] [Server thread/INFO] (Minecraft) [Player305: Changed the block at 67, 65, -6]
[21:50:12] [Render thread/INFO] (Minecraft) [System] [CHAT] Changed the block at 67, 65, -6
[21:50:53] [Server thread/WARN] (Minecraft) Can't keep up! Is the server overloaded? Running 13027ms or 260 ticks behind
[21:54:22] [Server thread/WARN] (Minecraft) Can't keep up! Is the server overloaded? Running 191782ms or 3835 ticks behind
[21:56:34] [Server thread/WARN] (Minecraft) Can't keep up! Is the server overloaded? Running 116930ms or 2338 ticks behind
[21:57:02] [Server thread/WARN] (Minecraft) Can't keep up! Is the server overloaded? Running 4381ms or 87 ticks behind
[22:01:47] [Server thread/WARN] (Minecraft) Can't keep up! Is the server overloaded? Running 270389ms or 5407 ticks behind
[22:04:23] [Server thread/INFO] (Minecraft) Saving and pausing game...
[22:04:23] [Server thread/INFO] (Minecraft) Saving chunks for level 'ServerLevel[New World]'/minecraft:overworld
[22:04:23] [Server thread/INFO] (Minecraft) Saving chunks for level 'ServerLevel[New World]'/minecraft:the_nether
[22:04:23] [Server thread/INFO] (Minecraft) Saving chunks for level 'ServerLevel[New World]'/minecraft:the_end
[22:04:23] [Server thread/INFO] (Minecraft) Saving chunks for level 'ServerLevel[New World]'/beyondsculk:otherworld
